<?xml version="1.0" encoding="UTF-8"?>
<!-- Generated by org.testng.reporters.JUnitXMLReporter -->
<testsuite ignored="0" hostname="DESKTOP-5HBGGGN" failures="0" tests="6" name="Surefire test" time="0.097" errors="0" timestamp="2022-06-23T00:08:34 IST">
  <testcase classname="org.example.AppiumTest" name="IOSApps" time="0.007"/>
  <testcase classname="org.example.AppiumTest" name="NativeAPpAndroid" time="0.001"/>
  <testcase classname="org.example.RESTAPITest" name="deleteTwitter" time="0.001"/>
  <testcase classname="org.example.RESTAPITest" name="postJira" time="0.001"/>
  <testcase classname="org.example.SeleniumTest" name="BrowserAUtomation" time="0.001"/>
  <testcase classname="org.example.SeleniumTest" name="elementsUi" time="0.001"/>
</testsuite> <!-- Surefire test -->
