<?xml version="1.0" encoding="UTF-8"?>
<testng-results ignored="0" total="6" passed="6" failed="0" skipped="0">
  <reporter-output>
  </reporter-output>
  <suite started-at="2022-06-23T01:27:03 IST" name="Command line suite" finished-at="2022-06-23T01:27:03 IST" duration-ms="142">
    <groups>
    </groups>
    <test started-at="2022-06-23T01:27:03 IST" name="Command line test" finished-at="2022-06-23T01:27:03 IST" duration-ms="142">
      <class name="org.example.SeleniumTest">
        <test-method signature="BrowserAUtomation()[pri:0, instance:org.example.SeleniumTest@5b12b668]" started-at="2022-06-23T01:27:03 IST" name="BrowserAUtomation" finished-at="2022-06-23T01:27:03 IST" duration-ms="1" status="PASS">
          <reporter-output>
          </reporter-output>
        </test-method> <!-- BrowserAUtomation -->
        <test-method signature="elementsUi()[pri:0, instance:org.example.SeleniumTest@5b12b668]" started-at="2022-06-23T01:27:03 IST" name="elementsUi" finished-at="2022-06-23T01:27:03 IST" duration-ms="1" status="PASS">
          <reporter-output>
          </reporter-output>
        </test-method> <!-- elementsUi -->
      </class> <!-- org.example.SeleniumTest -->
      <class name="org.example.AppiumTest">
        <test-method signature="IOSApps()[pri:0, instance:org.example.AppiumTest@75d4a5c2]" started-at="2022-06-23T01:27:03 IST" name="IOSApps" finished-at="2022-06-23T01:27:03 IST" duration-ms="10" status="PASS">
          <reporter-output>
          </reporter-output>
        </test-method> <!-- IOSApps -->
        <test-method signature="NativeAPpAndroid()[pri:0, instance:org.example.AppiumTest@75d4a5c2]" started-at="2022-06-23T01:27:03 IST" name="NativeAPpAndroid" finished-at="2022-06-23T01:27:03 IST" duration-ms="2" status="PASS">
          <reporter-output>
          </reporter-output>
        </test-method> <!-- NativeAPpAndroid -->
      </class> <!-- org.example.AppiumTest -->
      <class name="org.example.RESTAPITest">
        <test-method signature="deleteTwitter()[pri:0, instance:org.example.RESTAPITest@327514f]" started-at="2022-06-23T01:27:03 IST" name="deleteTwitter" finished-at="2022-06-23T01:27:03 IST" duration-ms="1" status="PASS">
          <reporter-output>
          </reporter-output>
        </test-method> <!-- deleteTwitter -->
        <test-method signature="postJira()[pri:0, instance:org.example.RESTAPITest@327514f]" started-at="2022-06-23T01:27:03 IST" name="postJira" finished-at="2022-06-23T01:27:03 IST" duration-ms="1" status="PASS">
          <reporter-output>
          </reporter-output>
        </test-method> <!-- postJira -->
      </class> <!-- org.example.RESTAPITest -->
    </test> <!-- Command line test -->
  </suite> <!-- Command line suite -->
</testng-results>
